{"C:\\Devops project\\Eduplatform\\backend\\src\\app.js": {"path":"C:\\Devops project\\Eduplatform\\backend\\src\\app.js","statementMap":{"0":{"start":{"line":6,"column":12},"end":{"line":6,"column":21}},"1":{"start":{"line":9,"column":0},"end":{"line":9,"column":18}},"2":{"start":{"line":10,"column":0},"end":{"line":10,"column":24}},"3":{"start":{"line":11,"column":0},"end":{"line":11,"column":48}},"4":{"start":{"line":14,"column":20},"end":{"line":22,"column":1}},"5":{"start":{"line":23,"column":0},"end":{"line":23,"column":27}},"6":{"start":{"line":26,"column":16},"end":{"line":30,"column":2}},"7":{"start":{"line":31,"column":0},"end":{"line":31,"column":26}},"8":{"start":{"line":34,"column":0},"end":{"line":36,"column":3}},"9":{"start":{"line":35,"column":2},"end":{"line":35,"column":50}},"10":{"start":{"line":39,"column":0},"end":{"line":41,"column":3}},"11":{"start":{"line":40,"column":2},"end":{"line":40,"column":71}},"12":{"start":{"line":44,"column":22},"end":{"line":61,"column":1}},"13":{"start":{"line":64,"column":21},"end":{"line":64,"column":30}},"14":{"start":{"line":67,"column":0},"end":{"line":71,"column":3}},"15":{"start":{"line":68,"column":19},"end":{"line":68,"column":32}},"16":{"start":{"line":69,"column":18},"end":{"line":69,"column":47}},"17":{"start":{"line":70,"column":2},"end":{"line":70,"column":57}},"18":{"start":{"line":74,"column":0},"end":{"line":90,"column":3}},"19":{"start":{"line":75,"column":53},"end":{"line":75,"column":61}},"20":{"start":{"line":76,"column":2},"end":{"line":78,"column":3}},"21":{"start":{"line":77,"column":4},"end":{"line":77,"column":110}},"22":{"start":{"line":79,"column":18},"end":{"line":87,"column":3}},"23":{"start":{"line":88,"column":2},"end":{"line":88,"column":39}},"24":{"start":{"line":89,"column":2},"end":{"line":89,"column":82}},"25":{"start":{"line":93,"column":0},"end":{"line":106,"column":3}},"26":{"start":{"line":94,"column":24},"end":{"line":94,"column":32}},"27":{"start":{"line":95,"column":2},"end":{"line":97,"column":3}},"28":{"start":{"line":96,"column":4},"end":{"line":96,"column":80}},"29":{"start":{"line":98,"column":18},"end":{"line":98,"column":45}},"30":{"start":{"line":99,"column":2},"end":{"line":101,"column":3}},"31":{"start":{"line":100,"column":4},"end":{"line":100,"column":64}},"32":{"start":{"line":102,"column":2},"end":{"line":102,"column":29}},"33":{"start":{"line":103,"column":2},"end":{"line":103,"column":45}},"34":{"start":{"line":104,"column":2},"end":{"line":104,"column":39}},"35":{"start":{"line":105,"column":2},"end":{"line":105,"column":70}},"36":{"start":{"line":109,"column":0},"end":{"line":115,"column":3}},"37":{"start":{"line":110,"column":19},"end":{"line":110,"column":52}},"38":{"start":{"line":111,"column":2},"end":{"line":114,"column":5}},"39":{"start":{"line":112,"column":41},"end":{"line":112,"column":62}},"40":{"start":{"line":119,"column":0},"end":{"line":126,"column":3}},"41":{"start":{"line":121,"column":2},"end":{"line":121,"column":27}},"42":{"start":{"line":122,"column":2},"end":{"line":125,"column":5}},"43":{"start":{"line":129,"column":0},"end":{"line":131,"column":3}},"44":{"start":{"line":130,"column":2},"end":{"line":130,"column":53}}},"fnMap":{"0":{"name":"(anonymous_0)","decl":{"start":{"line":34,"column":13},"end":{"line":34,"column":14}},"loc":{"start":{"line":34,"column":27},"end":{"line":36,"column":1}},"line":34},"1":{"name":"(anonymous_1)","decl":{"start":{"line":39,"column":19},"end":{"line":39,"column":20}},"loc":{"start":{"line":39,"column":33},"end":{"line":41,"column":1}},"line":39},"2":{"name":"(anonymous_2)","decl":{"start":{"line":67,"column":35},"end":{"line":67,"column":36}},"loc":{"start":{"line":67,"column":49},"end":{"line":71,"column":1}},"line":67},"3":{"name":"(anonymous_3)","decl":{"start":{"line":74,"column":28},"end":{"line":74,"column":29}},"loc":{"start":{"line":74,"column":42},"end":{"line":90,"column":1}},"line":74},"4":{"name":"(anonymous_4)","decl":{"start":{"line":93,"column":27},"end":{"line":93,"column":28}},"loc":{"start":{"line":93,"column":41},"end":{"line":106,"column":1}},"line":93},"5":{"name":"(anonymous_5)","decl":{"start":{"line":109,"column":30},"end":{"line":109,"column":31}},"loc":{"start":{"line":109,"column":44},"end":{"line":115,"column":1}},"line":109},"6":{"name":"(anonymous_6)","decl":{"start":{"line":112,"column":36},"end":{"line":112,"column":37}},"loc":{"start":{"line":112,"column":41},"end":{"line":112,"column":62}},"line":112},"7":{"name":"(anonymous_7)","decl":{"start":{"line":119,"column":8},"end":{"line":119,"column":9}},"loc":{"start":{"line":119,"column":33},"end":{"line":126,"column":1}},"line":119},"8":{"name":"(anonymous_8)","decl":{"start":{"line":129,"column":8},"end":{"line":129,"column":9}},"loc":{"start":{"line":129,"column":22},"end":{"line":131,"column":1}},"line":129}},"branchMap":{"0":{"loc":{"start":{"line":18,"column":4},"end":{"line":18,"column":79}},"type":"binary-expr","locations":[{"start":{"line":18,"column":4},"end":{"line":18,"column":28}},{"start":{"line":18,"column":32},"end":{"line":18,"column":79}}],"line":18},"1":{"loc":{"start":{"line":69,"column":18},"end":{"line":69,"column":47}},"type":"binary-expr","locations":[{"start":{"line":69,"column":18},"end":{"line":69,"column":41}},{"start":{"line":69,"column":45},"end":{"line":69,"column":47}}],"line":69},"2":{"loc":{"start":{"line":76,"column":2},"end":{"line":78,"column":3}},"type":"if","locations":[{"start":{"line":76,"column":2},"end":{"line":78,"column":3}},{"start":{},"end":{}}],"line":76},"3":{"loc":{"start":{"line":76,"column":6},"end":{"line":76,"column":54}},"type":"binary-expr","locations":[{"start":{"line":76,"column":6},"end":{"line":76,"column":16}},{"start":{"line":76,"column":20},"end":{"line":76,"column":26}},{"start":{"line":76,"column":30},"end":{"line":76,"column":41}},{"start":{"line":76,"column":45},"end":{"line":76,"column":54}}],"line":76},"4":{"loc":{"start":{"line":95,"column":2},"end":{"line":97,"column":3}},"type":"if","locations":[{"start":{"line":95,"column":2},"end":{"line":97,"column":3}},{"start":{},"end":{}}],"line":95},"5":{"loc":{"start":{"line":99,"column":2},"end":{"line":101,"column":3}},"type":"if","locations":[{"start":{"line":99,"column":2},"end":{"line":101,"column":3}},{"start":{},"end":{}}],"line":99},"6":{"loc":{"start":{"line":124,"column":13},"end":{"line":124,"column":90}},"type":"cond-expr","locations":[{"start":{"line":124,"column":54},"end":{"line":124,"column":65}},{"start":{"line":124,"column":68},"end":{"line":124,"column":90}}],"line":124}},"s":{"0":1,"1":1,"2":1,"3":1,"4":1,"5":1,"6":1,"7":1,"8":1,"9":1,"10":1,"11":1,"12":1,"13":1,"14":1,"15":2,"16":2,"17":2,"18":1,"19":3,"20":3,"21":1,"22":2,"23":2,"24":2,"25":1,"26":2,"27":2,"28":0,"29":2,"30":2,"31":1,"32":1,"33":1,"34":1,"35":1,"36":1,"37":0,"38":0,"39":0,"40":1,"41":0,"42":0,"43":1,"44":0},"f":{"0":1,"1":1,"2":2,"3":3,"4":2,"5":0,"6":0,"7":0,"8":0},"b":{"0":[1,1],"1":[2,1],"2":[1,2],"3":[3,3,2,2],"4":[0,2],"5":[1,1],"6":[0,0]},"inputSourceMap":null,"_coverageSchema":"1a1c01bbd47fc00a2c39e90264f33305004495a9","hash":"e9e9bebb027498b24ef950781b4ecc495d53e9df"}
,"C:\\Devops project\\Eduplatform\\backend\\src\\server.js": {"path":"C:\\Devops project\\Eduplatform\\backend\\src\\server.js","statementMap":{"0":{"start":{"line":4,"column":0},"end":{"line":4,"column":16}},"1":{"start":{"line":6,"column":13},"end":{"line":6,"column":37}},"2":{"start":{"line":8,"column":0},"end":{"line":11,"column":3}},"3":{"start":{"line":9,"column":2},"end":{"line":9,"column":71}},"4":{"start":{"line":10,"column":2},"end":{"line":10,"column":74}}},"fnMap":{"0":{"name":"(anonymous_0)","decl":{"start":{"line":8,"column":17},"end":{"line":8,"column":18}},"loc":{"start":{"line":8,"column":23},"end":{"line":11,"column":1}},"line":8}},"branchMap":{"0":{"loc":{"start":{"line":6,"column":13},"end":{"line":6,"column":37}},"type":"binary-expr","locations":[{"start":{"line":6,"column":13},"end":{"line":6,"column":29}},{"start":{"line":6,"column":33},"end":{"line":6,"column":37}}],"line":6},"1":{"loc":{"start":{"line":10,"column":33},"end":{"line":10,"column":70}},"type":"binary-expr","locations":[{"start":{"line":10,"column":33},"end":{"line":10,"column":53}},{"start":{"line":10,"column":57},"end":{"line":10,"column":70}}],"line":10}},"s":{"0":0,"1":0,"2":0,"3":0,"4":0},"f":{"0":0},"b":{"0":[0,0],"1":[0,0]},"inputSourceMap":null}
}
