TN:
SF:src\app.js
FN:34,(anonymous_0)
FN:39,(anonymous_1)
FN:67,(anonymous_2)
FN:74,(anonymous_3)
FN:93,(anonymous_4)
FN:109,(anonymous_5)
FN:112,(anonymous_6)
FN:119,(anonymous_7)
FN:129,(anonymous_8)
FNF:9
FNH:5
FNDA:1,(anonymous_0)
FNDA:1,(anonymous_1)
FNDA:2,(anonymous_2)
FNDA:3,(anonymous_3)
FNDA:2,(anonymous_4)
FNDA:0,(anonymous_5)
FNDA:0,(anonymous_6)
FNDA:0,(anonymous_7)
FNDA:0,(anonymous_8)
DA:6,1
DA:9,1
DA:10,1
DA:11,1
DA:14,1
DA:23,1
DA:26,1
DA:31,1
DA:34,1
DA:35,1
DA:39,1
DA:40,1
DA:44,1
DA:64,1
DA:67,1
DA:68,2
DA:69,2
DA:70,2
DA:74,1
DA:75,3
DA:76,3
DA:77,1
DA:79,2
DA:88,2
DA:89,2
DA:93,1
DA:94,2
DA:95,2
DA:96,0
DA:98,2
DA:99,2
DA:100,1
DA:102,1
DA:103,1
DA:104,1
DA:105,1
DA:109,1
DA:110,0
DA:111,0
DA:112,0
DA:119,1
DA:121,0
DA:122,0
DA:129,1
DA:130,0
LF:45
LH:38
BRDA:18,0,0,1
BRDA:18,0,1,1
BRDA:69,1,0,2
BRDA:69,1,1,1
BRDA:76,2,0,1
BRDA:76,2,1,2
BRDA:76,3,0,3
BRDA:76,3,1,3
BRDA:76,3,2,2
BRDA:76,3,3,2
BRDA:95,4,0,0
BRDA:95,4,1,2
BRDA:99,5,0,1
BRDA:99,5,1,1
BRDA:124,6,0,0
BRDA:124,6,1,0
BRF:16
BRH:13
end_of_record
TN:
SF:src\server.js
FN:8,(anonymous_0)
FNF:1
FNH:0
FNDA:0,(anonymous_0)
DA:4,0
DA:6,0
DA:8,0
DA:9,0
DA:10,0
LF:5
LH:0
BRDA:6,0,0,0
BRDA:6,0,1,0
BRDA:10,1,0,0
BRDA:10,1,1,0
BRF:4
BRH:0
end_of_record
